Arguments: 
  /home/janet/.nvm/versions/node/v6.10.0/bin/node /usr/share/yarn/bin/yarn.js

PATH: 
  /home/janet/.nvm/versions/node/v6.10.0/bin:/home/janet/.local/bin:/home/janet/bin:/home/janet/.local/bin:/usr/local/sbin:/usr/local/bin:/usr/sbin:/usr/bin:/sbin:/bin:/usr/games:/usr/local/games:/opt/lampp/bin:/snap/bin:/home/janet/.fzf/bin

Yarn version: 
  1.5.0-20180223.1454

Node version: 
  6.10.0

Platform: 
  linux x64

npm manifest: 
  {
    "name": "react-typescript",
    "version": "1.0.0",
    "description": "",
    "main": "index.js",
    "scripts": {
      "test": "echo \"Error: no test specified\" && exit 1",
      "storybook": "start-storybook -p 6006",
      "build-storybook": "build-storybook"
    },
    "author": "",
    "license": "ISC",
    "dependencies": {
      "@types/react": "^16.1.0",
      "@types/react-dom": "^16.0.4",
      "react": "^16.2.0",
      "react-dom": "^16.2.0"
    },
    "devDependencies": {
      "awesome-typescript-loader": "^4.0.1",
      "source-map-loader": "^0.2.3",
      "typescript": "^2.8.1",
      "webpack": "^4.4.1",
      "webpack-cli": "^2.0.13",
      "@storybook/react": "^3.4.0",
      "@storybook/addon-actions": "^3.4.0",
      "@storybook/addon-links": "^3.4.0",
      "@storybook/addons": "^3.4.0",
      "babel-core": "^6.26.0",
      "babel-runtime": "^6.26.0"
    }
  }

yarn manifest: 
  No manifest

Lockfile: 
  No lockfile

Trace: 
  Error: Found incompatible module
      at MessageError.Error (native)
      at new MessageError (/usr/share/yarn/lib/cli.js:186:110)
      at checkOne (/usr/share/yarn/lib/cli.js:62444:11)
      at Object.check (/usr/share/yarn/lib/cli.js:62463:5)
      at /usr/share/yarn/lib/cli.js:22803:73
      at next (native)
      at step (/usr/share/yarn/lib/cli.js:98:30)
      at /usr/share/yarn/lib/cli.js:109:13
